<?xml version="1.0" encoding="UTF-8"?>
<testsuite name="VendingMachineTest" tests="5" skipped="0" failures="0" errors="0" timestamp="2017-01-19T22:53:58" hostname="COMPOZED-G2-125" time="0.001">
  <properties/>
  <testcase name="getTotalValueTest" classname="VendingMachineTest" time="0.0"/>
  <testcase name="addItemstoVendingMachineTest" classname="VendingMachineTest" time="0.0"/>
  <testcase name="vendParticularItem" classname="VendingMachineTest" time="0.0"/>
  <testcase name="createVendingMachine_isInitializedWithAName" classname="VendingMachineTest" time="0.0"/>
  <testcase name="removeItemfromVendingMachine" classname="VendingMachineTest" time="0.0"/>
  <system-out><![CDATA[]]></system-out>
  <system-err><![CDATA[]]></system-err>
</testsuite>
